app/build/outputs/logs/manifest-merger-debug-report.txt
-- Merging decision tree log ---
manifest
ADDED from src\main\AndroidManifest.xml:2:1-77:12
INJECTED from src\main\AndroidManifest.xml:2:1-77:12
INJECTED from src\main\AndroidManifest.xml:2:1-77:12
INJECTED from src\main\AndroidManifest.xml:2:1-77:12
MERGED from [com.kakao.sdk:usermgmt:1.6.2] AndroidManifest.xml:2:1-15:12
MERGED from [de.hdodenhof:circleimageview:2.2.0] AndroidManifest.xml:2:1-11:12
MERGED from [com.squareup:android-times-square:1.6.5] AndroidManifest.xml:2:1-9:12
MERGED from [com.roughike:bottom-bar:2.3.1] AndroidManifest.xml:2:1-12:12
MERGED from [com.android.support:design:25.3.0] AndroidManifest.xml:17:1-31:12
MERGED from [com.android.support:appcompat-v7:25.3.0] AndroidManifest.xml:17:1-31:12
MERGED from [com.android.support.constraint:constraint-layout:1.0.2] AndroidManifest.xml:2:1-11:12
MERGED from [com.google.android.gms:play-services-maps:10.0.1] AndroidManifest.xml:16:1-25:12
MERGED from [com.google.android.gms:play-services-location:10.0.1] AndroidManifest.xml:2:1-5:12
MERGED from [com.google.android.gms:play-services-base:10.0.1] AndroidManifest.xml:16:1-21:12
MERGED from [com.google.android.gms:play-services-tasks:10.0.1] AndroidManifest.xml:2:1-5:12
MERGED from [com.google.android.gms:play-services-basement:10.0.1] AndroidManifest.xml:16:1-23:12
MERGED from [com.android.support:transition:25.3.0] AndroidManifest.xml:17:1-28:12
MERGED from [com.android.support:support-v4:25.3.0] AndroidManifest.xml:17:1-31:12
MERGED from [com.kakao.sdk:auth:1.6.2] AndroidManifest.xml:2:1-26:12
MERGED from [com.android.support:animated-vector-drawable:25.3.0] AndroidManifest.xml:17:1-28:12
MERGED from [com.android.support:support-vector-drawable:25.3.0] AndroidManifest.xml:17:1-28:12
MERGED from [com.android.support:support-fragment:25.3.0] AndroidManifest.xml:17:1-31:12
MERGED from [com.android.support:support-media-compat:25.3.0] AndroidManifest.xml:17:1-31:12
MERGED from [com.android.support:support-core-utils:25.3.0] AndroidManifest.xml:17:1-31:12
MERGED from [com.android.support:recyclerview-v7:25.3.0] AndroidManifest.xml:17:1-26:12
MERGED from [com.android.support:support-core-ui:25.3.0] AndroidManifest.xml:17:1-31:12
MERGED from [com.android.support:support-compat:25.3.0] AndroidManifest.xml:17:1-31:12
MERGED from [com.kakao.sdk:s2-lite:1.6.2] AndroidManifest.xml:2:1-12:12
MERGED from [com.kakao.sdk:network:1.6.2] AndroidManifest.xml:2:1-12:12
MERGED from [com.kakao.sdk:util:1.6.2] AndroidManifest.xml:2:1-15:12
INJECTED from src\main\AndroidManifest.xml:2:1-77:12
INJECTED from src\main\AndroidManifest.xml:2:1-77:12
INJECTED from src\main\AndroidManifest.xml:2:1-77:12
	package
		ADDED from src\main\AndroidManifest.xml:3:5-49
		INJECTED from src\main\AndroidManifest.xml
		INJECTED from src\main\AndroidManifest.xml
	android:versionName
		INJECTED from src\main\AndroidManifest.xml
		ADDED from src\main\AndroidManifest.xml:2:1-77:12
		INJECTED from src\main\AndroidManifest.xml
	android:versionCode
		INJECTED from src\main\AndroidManifest.xml
		ADDED from src\main\AndroidManifest.xml:2:1-77:12
		INJECTED from src\main\AndroidManifest.xml
	xmlns:android
		ADDED from src\main\AndroidManifest.xml:2:11-69
uses-permission#android.permission.INTERNET
ADDED from src\main\AndroidManifest.xml:5:5-67
MERGED from [com.google.android.gms:play-services-maps:10.0.1] AndroidManifest.xml:20:5-66
MERGED from [com.google.android.gms:play-services-maps:10.0.1] AndroidManifest.xml:20:5-66
	android:name
		ADDED from src\main\AndroidManifest.xml:5:22-64
uses-permission#android.permission.WRITE_EXTERNAL_STORAGE
ADDED from src\main\AndroidManifest.xml:6:5-81
	android:name
		ADDED from src\main\AndroidManifest.xml:6:22-78
uses-permission#android.permission.READ_EXTERNAL_STORAGE
ADDED from src\main\AndroidManifest.xml:7:5-80
	android:name
		ADDED from src\main\AndroidManifest.xml:7:22-77
uses-permission#android.permission.CAMERA
ADDED from src\main\AndroidManifest.xml:8:5-65
	android:name
		ADDED from src\main\AndroidManifest.xml:8:22-62
uses-permission#android.permission.ACCESS_FINE_LOCATION
ADDED from src\main\AndroidManifest.xml:9:5-79
	android:name
		ADDED from src\main\AndroidManifest.xml:9:22-76
uses-permission#android.permission.ACCESS_COARSE_LOCATION
ADDED from src\main\AndroidManifest.xml:10:5-81
	android:name
		ADDED from src\main\AndroidManifest.xml:10:22-78
uses-feature#android.hardware.camera2
ADDED from src\main\AndroidManifest.xml:12:5-61
	android:name
		ADDED from src\main\AndroidManifest.xml:12:19-58
application
ADDED from src\main\AndroidManifest.xml:14:5-75:19
MERGED from [de.hdodenhof:circleimageview:2.2.0] AndroidManifest.xml:9:5-20
MERGED from [de.hdodenhof:circleimageview:2.2.0] AndroidManifest.xml:9:5-20
MERGED from [com.android.support:design:25.3.0] AndroidManifest.xml:29:5-20
MERGED from [com.android.support:design:25.3.0] AndroidManifest.xml:29:5-20
MERGED from [com.android.support:appcompat-v7:25.3.0] AndroidManifest.xml:29:5-20
MERGED from [com.android.support:appcompat-v7:25.3.0] AndroidManifest.xml:29:5-20
MERGED from [com.android.support.constraint:constraint-layout:1.0.2] AndroidManifest.xml:9:5-20
MERGED from [com.android.support.constraint:constraint-layout:1.0.2] AndroidManifest.xml:9:5-20
MERGED from [com.google.android.gms:play-services-maps:10.0.1] AndroidManifest.xml:24:5-19
MERGED from [com.google.android.gms:play-services-maps:10.0.1] AndroidManifest.xml:24:5-19
MERGED from [com.google.android.gms:play-services-location:10.0.1] AndroidManifest.xml:4:5-19
MERGED from [com.google.android.gms:play-services-location:10.0.1] AndroidManifest.xml:4:5-19
MERGED from [com.google.android.gms:play-services-base:10.0.1] AndroidManifest.xml:18:5-20:19
MERGED from [com.google.android.gms:play-services-base:10.0.1] AndroidManifest.xml:18:5-20:19
MERGED from [com.google.android.gms:play-services-tasks:10.0.1] AndroidManifest.xml:4:5-19
MERGED from [com.google.android.gms:play-services-tasks:10.0.1] AndroidManifest.xml:4:5-19
MERGED from [com.google.android.gms:play-services-basement:10.0.1] AndroidManifest.xml:19:5-21:19
MERGED from [com.google.android.gms:play-services-basement:10.0.1] AndroidManifest.xml:19:5-21:19
MERGED from [com.android.support:transition:25.3.0] AndroidManifest.xml:26:5-20
MERGED from [com.android.support:transition:25.3.0] AndroidManifest.xml:26:5-20
MERGED from [com.android.support:support-v4:25.3.0] AndroidManifest.xml:29:5-20
MERGED from [com.android.support:support-v4:25.3.0] AndroidManifest.xml:29:5-20
MERGED from [com.kakao.sdk:auth:1.6.2] AndroidManifest.xml:11:5-24:19
MERGED from [com.kakao.sdk:auth:1.6.2] AndroidManifest.xml:11:5-24:19
MERGED from [com.android.support:animated-vector-drawable:25.3.0] AndroidManifest.xml:26:5-20
MERGED from [com.android.support:animated-vector-drawable:25.3.0] AndroidManifest.xml:26:5-20
MERGED from [com.android.support:support-vector-drawable:25.3.0] AndroidManifest.xml:26:5-20
MERGED from [com.android.support:support-vector-drawable:25.3.0] AndroidManifest.xml:26:5-20
MERGED from [com.android.support:support-fragment:25.3.0] AndroidManifest.xml:29:5-20
MERGED from [com.android.support:support-fragment:25.3.0] AndroidManifest.xml:29:5-20
MERGED from [com.android.support:support-media-compat:25.3.0] AndroidManifest.xml:29:5-20
MERGED from [com.android.support:support-media-compat:25.3.0] AndroidManifest.xml:29:5-20
MERGED from [com.android.support:support-core-utils:25.3.0] AndroidManifest.xml:29:5-20
MERGED from [com.android.support:support-core-utils:25.3.0] AndroidManifest.xml:29:5-20
MERGED from [com.android.support:support-core-ui:25.3.0] AndroidManifest.xml:29:5-20
MERGED from [com.android.support:support-core-ui:25.3.0] AndroidManifest.xml:29:5-20
MERGED from [com.android.support:support-compat:25.3.0] AndroidManifest.xml:29:5-20
MERGED from [com.android.support:support-compat:25.3.0] AndroidManifest.xml:29:5-20
	android:supportsRtl
		ADDED from src\main\AndroidManifest.xml:20:9-35
	android:label
		ADDED from src\main\AndroidManifest.xml:18:9-41
	android:roundIcon
		ADDED from src\main\AndroidManifest.xml:19:9-54
	android:icon
		ADDED from src\main\AndroidManifest.xml:17:9-43
	android:allowBackup
		ADDED from src\main\AndroidManifest.xml:16:9-35
	android:theme
		ADDED from src\main\AndroidManifest.xml:21:9-59
	android:name
		ADDED from src\main\AndroidManifest.xml:15:9-42
meta-data#com.google.android.geo.API_KEY
ADDED from src\main\AndroidManifest.xml:23:9-25:71
	android:value
		ADDED from src\main\AndroidManifest.xml:25:13-68
	android:name
		ADDED from src\main\AndroidManifest.xml:24:13-58
meta-data#com.kakao.sdk.AppKey
ADDED from src\main\AndroidManifest.xml:27:9-29:53
	android:value
		ADDED from src\main\AndroidManifest.xml:29:13-50
	android:name
		ADDED from src\main\AndroidManifest.xml:28:13-48
activity#org.androidtown.MajorBasicProject2.LoginSignInActivity
ADDED from src\main\AndroidManifest.xml:31:9-37:20
	android:name
		ADDED from src\main\AndroidManifest.xml:31:19-54
intent-filter#android.intent.action.MAIN+android.intent.category.LAUNCHER
ADDED from src\main\AndroidManifest.xml:32:13-36:29
action#android.intent.action.MAIN
ADDED from src\main\AndroidManifest.xml:33:17-69
	android:name
		ADDED from src\main\AndroidManifest.xml:33:25-66
category#android.intent.category.LAUNCHER
ADDED from src\main\AndroidManifest.xml:35:17-77
	android:name
		ADDED from src\main\AndroidManifest.xml:35:27-74
activity#org.androidtown.MajorBasicProject2.LoginJoinActivity
ADDED from src\main\AndroidManifest.xml:38:9-55
	android:name
		ADDED from src\main\AndroidManifest.xml:38:19-52
activity#org.androidtown.MajorBasicProject2.MainActivity
ADDED from src\main\AndroidManifest.xml:39:9-50
	android:name
		ADDED from src\main\AndroidManifest.xml:39:19-47
activity#org.androidtown.MajorBasicProject2.RegisterActivity
ADDED from src\main\AndroidManifest.xml:40:9-54
	android:name
		ADDED from src\main\AndroidManifest.xml:40:19-51
activity#org.androidtown.MajorBasicProject2.LoginSignUpActivity
ADDED from src\main\AndroidManifest.xml:41:9-57
	android:name
		ADDED from src\main\AndroidManifest.xml:41:19-54
provider#android.support.v4.content.FileProvider
ADDED from src\main\AndroidManifest.xml:52:9-60:20
	android:grantUriPermissions
		ADDED from src\main\AndroidManifest.xml:56:13-47
	android:authorities
		ADDED from src\main\AndroidManifest.xml:54:13-69
	android:exported
		ADDED from src\main\AndroidManifest.xml:55:13-37
	android:name
		ADDED from src\main\AndroidManifest.xml:53:13-67
meta-data#android.support.FILE_PROVIDER_PATHS
ADDED from src\main\AndroidManifest.xml:57:13-59:54
	android:resource
		ADDED from src\main\AndroidManifest.xml:59:17-51
	android:name
		ADDED from src\main\AndroidManifest.xml:58:17-67
activity#org.androidtown.MajorBasicProject2.PageQuestActivity
ADDED from src\main\AndroidManifest.xml:62:9-55
	android:name
		ADDED from src\main\AndroidManifest.xml:62:19-52
activity#org.androidtown.MajorBasicProject2.PageFieldActivity
ADDED from src\main\AndroidManifest.xml:63:9-55
	android:name
		ADDED from src\main\AndroidManifest.xml:63:19-52
activity#org.androidtown.MajorBasicProject2.PageBrandActivity
ADDED from src\main\AndroidManifest.xml:64:9-55
	android:name
		ADDED from src\main\AndroidManifest.xml:64:19-52
activity#org.androidtown.MajorBasicProject2.PageTaskActivity
ADDED from src\main\AndroidManifest.xml:65:9-54
	android:name
		ADDED from src\main\AndroidManifest.xml:65:19-51
activity#org.androidtown.MajorBasicProject2.PageImageActivity
ADDED from src\main\AndroidManifest.xml:66:9-55
	android:name
		ADDED from src\main\AndroidManifest.xml:66:19-52
activity#org.androidtown.MajorBasicProject2.PageDateActivity
ADDED from src\main\AndroidManifest.xml:67:9-54
	android:name
		ADDED from src\main\AndroidManifest.xml:67:19-51
activity#org.androidtown.MajorBasicProject2.PageBusinessActivity
ADDED from src\main\AndroidManifest.xml:68:9-58
	android:name
		ADDED from src\main\AndroidManifest.xml:68:19-55
activity#org.androidtown.MajorBasicProject2.PageProfileActivity
ADDED from src\main\AndroidManifest.xml:69:9-57
	android:name
		ADDED from src\main\AndroidManifest.xml:69:19-54
activity#org.androidtown.MajorBasicProject2.MapsActivity
ADDED from src\main\AndroidManifest.xml:70:9-72:59
	android:label
		ADDED from src\main\AndroidManifest.xml:72:13-56
	android:name
		ADDED from src\main\AndroidManifest.xml:71:13-41
activity#org.androidtown.MajorBasicProject2.PageCheckActivity
ADDED from src\main\AndroidManifest.xml:73:9-55
	android:name
		ADDED from src\main\AndroidManifest.xml:73:19-52
activity#org.androidtown.MajorBasicProject2.PageConfirmActivity
ADDED from src\main\AndroidManifest.xml:74:9-66
	android:name
		ADDED from src\main\AndroidManifest.xml:74:19-54
uses-sdk
INJECTED from src\main\AndroidManifest.xml reason: use-sdk injection requested
INJECTED from src\main\AndroidManifest.xml
INJECTED from src\main\AndroidManifest.xml
MERGED from [com.kakao.sdk:usermgmt:1.6.2] AndroidManifest.xml:11:5-13:41
MERGED from [com.kakao.sdk:usermgmt:1.6.2] AndroidManifest.xml:11:5-13:41
MERGED from [de.hdodenhof:circleimageview:2.2.0] AndroidManifest.xml:5:5-7:41
MERGED from [de.hdodenhof:circleimageview:2.2.0] AndroidManifest.xml:5:5-7:41
MERGED from [com.squareup:android-times-square:1.6.5] AndroidManifest.xml:7:5-43
MERGED from [com.squareup:android-times-square:1.6.5] AndroidManifest.xml:7:5-43
MERGED from [com.roughike:bottom-bar:2.3.1] AndroidManifest.xml:8:5-10:41
MERGED from [com.roughike:bottom-bar:2.3.1] AndroidManifest.xml:8:5-10:41
MERGED from [com.android.support:design:25.3.0] AndroidManifest.xml:21:5-23:62
MERGED from [com.android.support:design:25.3.0] AndroidManifest.xml:21:5-23:62
MERGED from [com.android.support:appcompat-v7:25.3.0] AndroidManifest.xml:21:5-23:78
MERGED from [com.android.support:appcompat-v7:25.3.0] AndroidManifest.xml:21:5-23:78
MERGED from [com.android.support.constraint:constraint-layout:1.0.2] AndroidManifest.xml:5:5-7:41
MERGED from [com.android.support.constraint:constraint-layout:1.0.2] AndroidManifest.xml:5:5-7:41
MERGED from [com.google.android.gms:play-services-maps:10.0.1] AndroidManifest.xml:23:5-42
MERGED from [com.google.android.gms:play-services-maps:10.0.1] AndroidManifest.xml:23:5-42
MERGED from [com.google.android.gms:play-services-location:10.0.1] AndroidManifest.xml:3:5-42
MERGED from [com.google.android.gms:play-services-location:10.0.1] AndroidManifest.xml:3:5-42
MERGED from [com.google.android.gms:play-services-base:10.0.1] AndroidManifest.xml:17:5-42
MERGED from [com.google.android.gms:play-services-base:10.0.1] AndroidManifest.xml:17:5-42
MERGED from [com.google.android.gms:play-services-tasks:10.0.1] AndroidManifest.xml:3:5-42
MERGED from [com.google.android.gms:play-services-tasks:10.0.1] AndroidManifest.xml:3:5-42
MERGED from [com.google.android.gms:play-services-basement:10.0.1] AndroidManifest.xml:17:5-42
MERGED from [com.google.android.gms:play-services-basement:10.0.1] AndroidManifest.xml:17:5-42
MERGED from [com.android.support:transition:25.3.0] AndroidManifest.xml:20:5-44
MERGED from [com.android.support:transition:25.3.0] AndroidManifest.xml:20:5-44
MERGED from [com.android.support:support-v4:25.3.0] AndroidManifest.xml:21:5-23:54
MERGED from [com.android.support:support-v4:25.3.0] AndroidManifest.xml:21:5-23:54
MERGED from [com.kakao.sdk:auth:1.6.2] AndroidManifest.xml:7:5-9:41
MERGED from [com.kakao.sdk:auth:1.6.2] AndroidManifest.xml:7:5-9:41
MERGED from [com.android.support:animated-vector-drawable:25.3.0] AndroidManifest.xml:20:5-44
MERGED from [com.android.support:animated-vector-drawable:25.3.0] AndroidManifest.xml:20:5-44
MERGED from [com.android.support:support-vector-drawable:25.3.0] AndroidManifest.xml:20:5-43
MERGED from [com.android.support:support-vector-drawable:25.3.0] AndroidManifest.xml:20:5-43
MERGED from [com.android.support:support-fragment:25.3.0] AndroidManifest.xml:21:5-23:60
MERGED from [com.android.support:support-fragment:25.3.0] AndroidManifest.xml:21:5-23:60
MERGED from [com.android.support:support-media-compat:25.3.0] AndroidManifest.xml:21:5-23:63
MERGED from [com.android.support:support-media-compat:25.3.0] AndroidManifest.xml:21:5-23:63
MERGED from [com.android.support:support-core-utils:25.3.0] AndroidManifest.xml:21:5-23:61
MERGED from [com.android.support:support-core-utils:25.3.0] AndroidManifest.xml:21:5-23:61
MERGED from [com.android.support:recyclerview-v7:25.3.0] AndroidManifest.xml:20:5-43
MERGED from [com.android.support:recyclerview-v7:25.3.0] AndroidManifest.xml:20:5-43
MERGED from [com.android.support:support-core-ui:25.3.0] AndroidManifest.xml:21:5-23:58
MERGED from [com.android.support:support-core-ui:25.3.0] AndroidManifest.xml:21:5-23:58
MERGED from [com.android.support:support-compat:25.3.0] AndroidManifest.xml:21:5-23:58
MERGED from [com.android.support:support-compat:25.3.0] AndroidManifest.xml:21:5-23:58
MERGED from [com.kakao.sdk:s2-lite:1.6.2] AndroidManifest.xml:8:5-10:41
MERGED from [com.kakao.sdk:s2-lite:1.6.2] AndroidManifest.xml:8:5-10:41
MERGED from [com.kakao.sdk:network:1.6.2] AndroidManifest.xml:8:5-10:41
MERGED from [com.kakao.sdk:network:1.6.2] AndroidManifest.xml:8:5-10:41
MERGED from [com.kakao.sdk:util:1.6.2] AndroidManifest.xml:11:5-13:41
MERGED from [com.kakao.sdk:util:1.6.2] AndroidManifest.xml:11:5-13:41
INJECTED from src\main\AndroidManifest.xml
INJECTED from src\main\AndroidManifest.xml
	tools:overrideLibrary
		ADDED from [com.android.support:design:25.3.0] AndroidManifest.xml:23:9-59
	android:targetSdkVersion
		INJECTED from src\main\AndroidManifest.xml
		ADDED from src\main\AndroidManifest.xml
		INJECTED from src\main\AndroidManifest.xml
	android:minSdkVersion
		INJECTED from src\main\AndroidManifest.xml
		ADDED from src\main\AndroidManifest.xml
		INJECTED from src\main\AndroidManifest.xml
meta-data#android.support.VERSION
ADDED from [com.android.support:design:25.3.0] AndroidManifest.xml:25:5-27:34
MERGED from [com.android.support:appcompat-v7:25.3.0] AndroidManifest.xml:25:5-27:34
MERGED from [com.android.support:appcompat-v7:25.3.0] AndroidManifest.xml:25:5-27:34
MERGED from [com.android.support:transition:25.3.0] AndroidManifest.xml:22:5-24:34
MERGED from [com.android.support:transition:25.3.0] AndroidManifest.xml:22:5-24:34
MERGED from [com.android.support:support-v4:25.3.0] AndroidManifest.xml:25:5-27:34
MERGED from [com.android.support:support-v4:25.3.0] AndroidManifest.xml:25:5-27:34
MERGED from [com.android.support:animated-vector-drawable:25.3.0] AndroidManifest.xml:22:5-24:34
MERGED from [com.android.support:animated-vector-drawable:25.3.0] AndroidManifest.xml:22:5-24:34
MERGED from [com.android.support:support-vector-drawable:25.3.0] AndroidManifest.xml:22:5-24:34
MERGED from [com.android.support:support-vector-drawable:25.3.0] AndroidManifest.xml:22:5-24:34
MERGED from [com.android.support:support-fragment:25.3.0] AndroidManifest.xml:25:5-27:34
MERGED from [com.android.support:support-fragment:25.3.0] AndroidManifest.xml:25:5-27:34
MERGED from [com.android.support:support-media-compat:25.3.0] AndroidManifest.xml:25:5-27:34
MERGED from [com.android.support:support-media-compat:25.3.0] AndroidManifest.xml:25:5-27:34
MERGED from [com.android.support:support-core-utils:25.3.0] AndroidManifest.xml:25:5-27:34
MERGED from [com.android.support:support-core-utils:25.3.0] AndroidManifest.xml:25:5-27:34
MERGED from [com.android.support:recyclerview-v7:25.3.0] AndroidManifest.xml:22:5-24:34
MERGED from [com.android.support:recyclerview-v7:25.3.0] AndroidManifest.xml:22:5-24:34
MERGED from [com.android.support:support-core-ui:25.3.0] AndroidManifest.xml:25:5-27:34
MERGED from [com.android.support:support-core-ui:25.3.0] AndroidManifest.xml:25:5-27:34
MERGED from [com.android.support:support-compat:25.3.0] AndroidManifest.xml:25:5-27:34
MERGED from [com.android.support:support-compat:25.3.0] AndroidManifest.xml:25:5-27:34
	android:value
		ADDED from [com.android.support:design:25.3.0] AndroidManifest.xml:27:9-31
	android:name
		ADDED from [com.android.support:design:25.3.0] AndroidManifest.xml:26:9-47
uses-permission#android.permission.ACCESS_NETWORK_STATE
ADDED from [com.google.android.gms:play-services-maps:10.0.1] AndroidManifest.xml:19:5-78
	android:name
		ADDED from [com.google.android.gms:play-services-maps:10.0.1] AndroidManifest.xml:19:22-76
uses-feature#0x00020000
ADDED from [com.google.android.gms:play-services-maps:10.0.1] AndroidManifest.xml:21:5-77
	android:glEsVersion
		ADDED from [com.google.android.gms:play-services-maps:10.0.1] AndroidManifest.xml:21:19-51
	android:required
		ADDED from [com.google.android.gms:play-services-maps:10.0.1] AndroidManifest.xml:21:52-75
activity#com.google.android.gms.common.api.GoogleApiActivity
ADDED from [com.google.android.gms:play-services-base:10.0.1] AndroidManifest.xml:19:9-172
	android:exported
		ADDED from [com.google.android.gms:play-services-base:10.0.1] AndroidManifest.xml:19:146-170
	android:theme
		ADDED from [com.google.android.gms:play-services-base:10.0.1] AndroidManifest.xml:19:86-145
	android:name
		ADDED from [com.google.android.gms:play-services-base:10.0.1] AndroidManifest.xml:19:19-85
meta-data#com.google.android.gms.version
ADDED from [com.google.android.gms:play-services-basement:10.0.1] AndroidManifest.xml:20:9-121
	android:value
		ADDED from [com.google.android.gms:play-services-basement:10.0.1] AndroidManifest.xml:20:66-119
	android:name
		ADDED from [com.google.android.gms:play-services-basement:10.0.1] AndroidManifest.xml:20:20-65
activity#com.kakao.auth.authorization.authcode.KakaoWebViewActivity
ADDED from [com.kakao.sdk:auth:1.6.2] AndroidManifest.xml:12:9-23:20
	android:label
		ADDED from [com.kakao.sdk:auth:1.6.2] AndroidManifest.xml:15:13-59
	android:launchMode
		ADDED from [com.kakao.sdk:auth:1.6.2] AndroidManifest.xml:16:13-43
	android:windowSoftInputMode
		ADDED from [com.kakao.sdk:auth:1.6.2] AndroidManifest.xml:17:13-55
	android:configChanges
		ADDED from [com.kakao.sdk:auth:1.6.2] AndroidManifest.xml:14:13-59
	android:name
		ADDED from [com.kakao.sdk:auth:1.6.2] AndroidManifest.xml:13:13-86
intent-filter#android.intent.action.MAIN+android.intent.category.DEFAULT
ADDED from [com.kakao.sdk:auth:1.6.2] AndroidManifest.xml:18:13-22:29
category#android.intent.category.DEFAULT
ADDED from [com.kakao.sdk:auth:1.6.2] AndroidManifest.xml:21:17-76
	android:name
		ADDED from [com.kakao.sdk:auth:1.6.2] AndroidManifest.xml:21:27-73